Start func: get_influxdb_client
Start func: get_redis_client
 * Serving Flask app "app" (lazy loading)
 * Environment: production
   WARNING: Do not use the development server in a production environment.
   Use a production WSGI server instead.
 * Debug mode: off
Traceback (most recent call last):
  File "app.py", line 244, in <module>
    app.run_server(host="0.0.0.0", port=8050, debug=False, threaded=False)
  File "/home/zielona/.conda/envs/astrowatchdog/lib/python3.7/site-packages/dash/dash.py", line 1411, in run_server
    **flask_run_options)
  File "/home/zielona/.conda/envs/astrowatchdog/lib/python3.7/site-packages/flask/app.py", line 943, in run
    run_simple(host, port, self, **options)
  File "/home/zielona/.conda/envs/astrowatchdog/lib/python3.7/site-packages/werkzeug/serving.py", line 814, in run_simple
    inner()
  File "/home/zielona/.conda/envs/astrowatchdog/lib/python3.7/site-packages/werkzeug/serving.py", line 774, in inner
    fd=fd)
  File "/home/zielona/.conda/envs/astrowatchdog/lib/python3.7/site-packages/werkzeug/serving.py", line 666, in make_server
    passthrough_errors, ssl_context, fd=fd)
  File "/home/zielona/.conda/envs/astrowatchdog/lib/python3.7/site-packages/werkzeug/serving.py", line 577, in __init__
    self.address_family), handler)
  File "/home/zielona/.conda/envs/astrowatchdog/lib/python3.7/socketserver.py", line 452, in __init__
    self.server_bind()
  File "/home/zielona/.conda/envs/astrowatchdog/lib/python3.7/http/server.py", line 137, in server_bind
    socketserver.TCPServer.server_bind(self)
  File "/home/zielona/.conda/envs/astrowatchdog/lib/python3.7/socketserver.py", line 466, in server_bind
    self.socket.bind(self.server_address)
OSError: [Errno 98] Address already in use
Start func: get_influxdb_client
Start func: get_redis_client
 * Serving Flask app "monitor" (lazy loading)
 * Environment: production
   WARNING: Do not use the development server in a production environment.
   Use a production WSGI server instead.
 * Debug mode: off
Start func: get_influxdb_client
Start func: get_redis_client
 * Serving Flask app "monitor" (lazy loading)
 * Environment: production
   WARNING: Do not use the development server in a production environment.
   Use a production WSGI server instead.
 * Debug mode: off
Start func: get_influxdb_client
Start func: get_redis_client
 * Serving Flask app "monitor" (lazy loading)
 * Environment: production
   WARNING: Do not use the development server in a production environment.
   Use a production WSGI server instead.
 * Debug mode: off
Start func: update_state
Start func: update_state
Start func: update_state
Start func: update_state
Start func: update_state
Start func: update_state
Start func: update_state
Start func: update_state
Start func: update_state
Start func: update_state
Start func: update_state
Start func: update_state
Start func: update_state
Start func: update_state
Start func: update_state
Start func: update_state
Start func: update_state
Start func: update_state
Start func: update_state
Start func: update_state
Start func: update_state
Start func: update_state
Start func: update_state
Start func: update_state
Start func: update_state
Start func: update_state
Start func: update_state
Start func: update_state
Start func: update_state
Start func: update_state
Start func: update_state
Start func: update_state
Start func: update_state
Start func: update_state
Start func: update_state
Start func: update_state
Start func: update_state
Start func: update_state
Start func: update_state
Start func: update_state
Start func: update_state
Start func: update_state
Start func: update_state
Start func: update_state
Start func: update_state
Start func: update_state
Start func: update_state
Start func: update_state
Start func: update_state
Start func: update_state
Start func: update_state
Start func: update_state
Start func: update_state
Start func: update_state
Start func: update_state
Start func: update_state
Start func: update_state
Start func: update_state
Start func: update_state
Start func: update_state
Start func: update_state
Start func: update_state
Start func: update_state
Start func: update_state
Start func: update_state
Start func: update_state
Start func: update_state
Start func: update_state
Start func: update_state
Start func: update_state
Start func: update_state
Start func: update_state
Start func: update_state
Start func: update_state
Start func: update_state
Start func: update_state
Start func: update_state
Start func: update_state
Start func: update_state
Start func: update_state
Start func: update_state
Start func: update_state
Start func: update_state
Start func: update_state
Start func: update_state
Start func: update_state
Start func: update_state
Start func: update_state
Start func: update_state
Start func: update_state
Start func: update_state
Start func: update_state
Start func: update_state
Start func: update_state
Start func: update_state
Start func: update_state
Start func: update_state
Start func: update_state
Start func: update_state
Start func: update_state
Start func: update_state
Start func: update_state
Start func: update_state
Start func: update_state
Start func: update_state
Start func: update_state
Start func: update_state
Start func: update_state
Start func: update_state
Start func: update_state
Start func: update_state
Start func: update_state
Start func: update_state
Start func: update_state
Start func: update_state
Start func: update_state
Start func: update_state
Start func: update_state
Start func: update_state
Start func: update_state
Start func: update_state
Start func: update_state
Start func: update_state
Start func: update_state
Start func: update_state
Start func: update_state
Start func: update_state
Start func: update_state
Start func: update_state
Start func: update_state
Start func: update_state
Start func: update_state
Start func: update_state
Start func: update_state
Start func: update_state
Start func: update_state
Start func: update_state
Start func: update_state
Start func: update_state
Start func: update_state
Start func: update_state
Start func: update_state
Start func: update_state
Start func: update_state
Start func: update_state
Start func: update_state
Start func: update_state
Start func: update_state
Start func: update_state
Start func: update_state
Start func: update_state
Start func: update_state
Start func: update_state
Start func: update_state
Start func: update_state
Start func: update_state
Start func: update_state
Start func: update_state
Start func: update_state
Start func: update_state
Start func: update_state
Start func: update_state
Start func: update_state
Start func: update_state
Start func: update_state
Start func: update_state
Start func: update_state
Start func: update_state
Start func: update_state
Start func: update_state
Start func: update_state
Start func: update_state
Start func: update_state
Start func: update_state
Start func: update_state
Start func: update_state
Start func: update_state
Start func: update_state
Start func: update_state
Start func: update_state
Start func: update_state
Start func: update_state
Start func: update_state
Start func: update_state
Start func: update_state
Start func: update_state
Start func: update_state
Start func: update_state
Start func: update_state
Start func: update_state
Start func: update_state
Start func: update_state
Start func: update_state
Start func: update_state
Start func: update_state
Start func: update_state
Start func: update_state
Start func: update_state
Start func: update_state
Start func: update_state
Start func: update_state
Start func: update_state
Start func: update_state
Start func: update_state
Start func: update_state
Start func: update_state
Start func: update_state
Start func: update_state
Start func: update_state
Start func: update_state
Start func: update_state
Start func: update_state
Start func: update_state
Start func: update_state
Start func: update_state
Start func: update_state
Start func: update_state
Start func: update_state
Start func: update_state
Start func: update_state
Start func: update_state
Start func: update_state
Start func: update_state
Start func: update_state
Start func: update_state
Start func: update_state
Start func: update_state
Start func: update_state
Start func: update_state
Start func: update_state
Start func: update_state
Start func: update_state
Start func: update_state
Start func: update_state
Start func: update_state
Start func: update_state
Start func: update_state
Start func: update_state
Start func: update_state
Start func: update_state
Start func: update_state
Start func: update_state
Start func: update_state
Start func: update_state
Start func: update_state
Start func: update_state
Start func: update_state
Start func: update_state
Start func: update_state
Start func: update_state
Start func: update_state
Start func: update_state
Start func: update_state
Start func: update_state
Start func: update_state
Start func: update_state
Start func: update_state
Start func: update_state
Start func: update_state
Start func: update_state
Start func: update_state
Start func: update_state
Start func: update_state
Start func: update_state
Start func: update_state
Start func: update_state
Start func: update_state
Start func: update_state
Start func: update_state
Start func: update_state
Start func: update_state
Start func: update_state
Start func: update_state
Start func: update_state
Start func: update_state
Start func: update_state
Start func: update_state
Start func: update_state
Start func: update_state
Start func: update_state
Start func: update_state
Start func: update_state
Start func: update_state
Start func: update_state
Start func: update_state
Start func: update_state
Start func: update_state
Start func: update_state
Start func: update_state
Start func: update_state
Start func: update_state
Start func: update_state
Start func: update_state
Start func: update_state
Start func: update_state
Start func: update_state
Start func: update_state
Start func: update_state
Start func: update_state
Start func: update_state
Start func: update_state
Start func: update_state
Start func: update_state
Start func: update_state
Start func: update_state
Start func: update_state
Start func: update_state
Start func: update_state
Start func: update_state
Start func: update_state
Start func: update_state
Start func: update_state
Start func: update_state
Start func: update_state
Start func: update_state
Start func: update_state
Start func: update_state
Start func: update_state
Start func: update_state
Start func: update_state
Start func: update_state
Start func: update_state
Start func: update_state
Start func: update_state
Start func: update_state
Start func: update_state
Start func: update_state
Start func: update_stateStart func: get_influxdb_client
Start func: get_redis_client
 * Serving Flask app "monitor" (lazy loading)
 * Environment: production
   WARNING: Do not use the development server in a production environment.
   Use a production WSGI server instead.
 * Debug mode: off
Start func: get_influxdb_client
Start func: get_redis_client
 * Serving Flask app "monitor" (lazy loading)
 * Environment: production
   WARNING: Do not use the development server in a production environment.
   Use a production WSGI server instead.
 * Debug mode: off
Start func: get_influxdb_client
Start func: get_redis_client
 * Serving Flask app "monitor" (lazy loading)
 * Environment: production
   WARNING: Do not use the development server in a production environment.
   Use a production WSGI server instead.
 * Debug mode: off
Traceback (most recent call last):
  File "monitor.py", line 244, in <module>
    app.run_server(host="0.0.0.0", port=8050, debug=False, threaded=False)
  File "/home/zielona/.conda/envs/astrowatchdog/lib/python3.7/site-packages/dash/dash.py", line 1413, in run_server
    **flask_run_options)
  File "/home/zielona/.conda/envs/astrowatchdog/lib/python3.7/site-packages/flask/app.py", line 943, in run
    run_simple(host, port, self, **options)
  File "/home/zielona/.conda/envs/astrowatchdog/lib/python3.7/site-packages/werkzeug/serving.py", line 814, in run_simple
    inner()
  File "/home/zielona/.conda/envs/astrowatchdog/lib/python3.7/site-packages/werkzeug/serving.py", line 774, in inner
    fd=fd)
  File "/home/zielona/.conda/envs/astrowatchdog/lib/python3.7/site-packages/werkzeug/serving.py", line 666, in make_server
    passthrough_errors, ssl_context, fd=fd)
  File "/home/zielona/.conda/envs/astrowatchdog/lib/python3.7/site-packages/werkzeug/serving.py", line 577, in __init__
    self.address_family), handler)
  File "/home/zielona/.conda/envs/astrowatchdog/lib/python3.7/socketserver.py", line 452, in __init__
    self.server_bind()
  File "/home/zielona/.conda/envs/astrowatchdog/lib/python3.7/http/server.py", line 137, in server_bind
    socketserver.TCPServer.server_bind(self)
  File "/home/zielona/.conda/envs/astrowatchdog/lib/python3.7/socketserver.py", line 466, in server_bind
    self.socket.bind(self.server_address)
OSError: [Errno 98] Address already in use
